ARM GAS  C:\Users\ADMINI~1\AppData\Local\Temp\ccmNgVsf.s 			page 1


   1              		.cpu cortex-m3
   2              		.eabi_attribute 20, 1
   3              		.eabi_attribute 21, 1
   4              		.eabi_attribute 23, 3
   5              		.eabi_attribute 24, 1
   6              		.eabi_attribute 25, 1
   7              		.eabi_attribute 26, 1
   8              		.eabi_attribute 30, 1
   9              		.eabi_attribute 34, 1
  10              		.eabi_attribute 18, 4
  11              		.file	"gpio.c"
  12              		.text
  13              	.Ltext0:
  14              		.cfi_sections	.debug_frame
  15              		.section	.text.MX_GPIO_Init,"ax",%progbits
  16              		.align	1
  17              		.global	MX_GPIO_Init
  18              		.arch armv7-m
  19              		.syntax unified
  20              		.thumb
  21              		.thumb_func
  22              		.fpu softvfp
  24              	MX_GPIO_Init:
  25              	.LFB65:
  26              		.file 1 "Core/Src/gpio.c"
   1:Core/Src/gpio.c **** /* USER CODE BEGIN Header */
   2:Core/Src/gpio.c **** /**
   3:Core/Src/gpio.c ****   ******************************************************************************
   4:Core/Src/gpio.c ****   * @file    gpio.c
   5:Core/Src/gpio.c ****   * @brief   This file provides code for the configuration
   6:Core/Src/gpio.c ****   *          of all used GPIO pins.
   7:Core/Src/gpio.c ****   ******************************************************************************
   8:Core/Src/gpio.c ****   * @attention
   9:Core/Src/gpio.c ****   *
  10:Core/Src/gpio.c ****   * Copyright (c) 2022 STMicroelectronics.
  11:Core/Src/gpio.c ****   * All rights reserved.
  12:Core/Src/gpio.c ****   *
  13:Core/Src/gpio.c ****   * This software is licensed under terms that can be found in the LICENSE file
  14:Core/Src/gpio.c ****   * in the root directory of this software component.
  15:Core/Src/gpio.c ****   * If no LICENSE file comes with this software, it is provided AS-IS.
  16:Core/Src/gpio.c ****   *
  17:Core/Src/gpio.c ****   ******************************************************************************
  18:Core/Src/gpio.c ****   */
  19:Core/Src/gpio.c **** /* USER CODE END Header */
  20:Core/Src/gpio.c **** 
  21:Core/Src/gpio.c **** /* Includes ------------------------------------------------------------------*/
  22:Core/Src/gpio.c **** #include "gpio.h"
  23:Core/Src/gpio.c **** 
  24:Core/Src/gpio.c **** /* USER CODE BEGIN 0 */
  25:Core/Src/gpio.c **** 
  26:Core/Src/gpio.c **** /* USER CODE END 0 */
  27:Core/Src/gpio.c **** 
  28:Core/Src/gpio.c **** /*----------------------------------------------------------------------------*/
  29:Core/Src/gpio.c **** /* Configure GPIO                                                             */
  30:Core/Src/gpio.c **** /*----------------------------------------------------------------------------*/
  31:Core/Src/gpio.c **** /* USER CODE BEGIN 1 */
  32:Core/Src/gpio.c **** 
ARM GAS  C:\Users\ADMINI~1\AppData\Local\Temp\ccmNgVsf.s 			page 2


  33:Core/Src/gpio.c **** /* USER CODE END 1 */
  34:Core/Src/gpio.c **** 
  35:Core/Src/gpio.c **** /** Configure pins as
  36:Core/Src/gpio.c ****         * Analog
  37:Core/Src/gpio.c ****         * Input
  38:Core/Src/gpio.c ****         * Output
  39:Core/Src/gpio.c ****         * EVENT_OUT
  40:Core/Src/gpio.c ****         * EXTI
  41:Core/Src/gpio.c **** */
  42:Core/Src/gpio.c **** void MX_GPIO_Init(void)
  43:Core/Src/gpio.c **** {
  27              		.loc 1 43 1 view -0
  28              		.cfi_startproc
  29              		@ args = 0, pretend = 0, frame = 32
  30              		@ frame_needed = 0, uses_anonymous_args = 0
  31 0000 F0B5     		push	{r4, r5, r6, r7, lr}
  32              	.LCFI0:
  33              		.cfi_def_cfa_offset 20
  34              		.cfi_offset 4, -20
  35              		.cfi_offset 5, -16
  36              		.cfi_offset 6, -12
  37              		.cfi_offset 7, -8
  38              		.cfi_offset 14, -4
  39 0002 89B0     		sub	sp, sp, #36
  40              	.LCFI1:
  41              		.cfi_def_cfa_offset 56
  44:Core/Src/gpio.c **** 
  45:Core/Src/gpio.c ****   GPIO_InitTypeDef GPIO_InitStruct = {0};
  42              		.loc 1 45 3 view .LVU1
  43              		.loc 1 45 20 is_stmt 0 view .LVU2
  44 0004 0024     		movs	r4, #0
  45 0006 0494     		str	r4, [sp, #16]
  46 0008 0594     		str	r4, [sp, #20]
  47 000a 0694     		str	r4, [sp, #24]
  48 000c 0794     		str	r4, [sp, #28]
  46:Core/Src/gpio.c **** 
  47:Core/Src/gpio.c ****   /* GPIO Ports Clock Enable */
  48:Core/Src/gpio.c ****   __HAL_RCC_GPIOC_CLK_ENABLE();
  49              		.loc 1 48 3 is_stmt 1 view .LVU3
  50              	.LBB2:
  51              		.loc 1 48 3 view .LVU4
  52              		.loc 1 48 3 view .LVU5
  53 000e 1F4B     		ldr	r3, .L3
  54 0010 9A69     		ldr	r2, [r3, #24]
  55 0012 42F01002 		orr	r2, r2, #16
  56 0016 9A61     		str	r2, [r3, #24]
  57              		.loc 1 48 3 view .LVU6
  58 0018 9A69     		ldr	r2, [r3, #24]
  59 001a 02F01002 		and	r2, r2, #16
  60 001e 0192     		str	r2, [sp, #4]
  61              		.loc 1 48 3 view .LVU7
  62 0020 019A     		ldr	r2, [sp, #4]
  63              	.LBE2:
  64              		.loc 1 48 3 view .LVU8
  49:Core/Src/gpio.c ****   __HAL_RCC_GPIOD_CLK_ENABLE();
  65              		.loc 1 49 3 view .LVU9
  66              	.LBB3:
ARM GAS  C:\Users\ADMINI~1\AppData\Local\Temp\ccmNgVsf.s 			page 3


  67              		.loc 1 49 3 view .LVU10
  68              		.loc 1 49 3 view .LVU11
  69 0022 9A69     		ldr	r2, [r3, #24]
  70 0024 42F02002 		orr	r2, r2, #32
  71 0028 9A61     		str	r2, [r3, #24]
  72              		.loc 1 49 3 view .LVU12
  73 002a 9A69     		ldr	r2, [r3, #24]
  74 002c 02F02002 		and	r2, r2, #32
  75 0030 0292     		str	r2, [sp, #8]
  76              		.loc 1 49 3 view .LVU13
  77 0032 029A     		ldr	r2, [sp, #8]
  78              	.LBE3:
  79              		.loc 1 49 3 view .LVU14
  50:Core/Src/gpio.c ****   __HAL_RCC_GPIOA_CLK_ENABLE();
  80              		.loc 1 50 3 view .LVU15
  81              	.LBB4:
  82              		.loc 1 50 3 view .LVU16
  83              		.loc 1 50 3 view .LVU17
  84 0034 9A69     		ldr	r2, [r3, #24]
  85 0036 42F00402 		orr	r2, r2, #4
  86 003a 9A61     		str	r2, [r3, #24]
  87              		.loc 1 50 3 view .LVU18
  88 003c 9B69     		ldr	r3, [r3, #24]
  89 003e 03F00403 		and	r3, r3, #4
  90 0042 0393     		str	r3, [sp, #12]
  91              		.loc 1 50 3 view .LVU19
  92 0044 039B     		ldr	r3, [sp, #12]
  93              	.LBE4:
  94              		.loc 1 50 3 view .LVU20
  51:Core/Src/gpio.c **** 
  52:Core/Src/gpio.c ****   /*Configure GPIO pin Output Level */
  53:Core/Src/gpio.c ****   HAL_GPIO_WritePin(GPIOC, GPIO_PIN_13, GPIO_PIN_RESET);
  95              		.loc 1 53 3 view .LVU21
  96 0046 124F     		ldr	r7, .L3+4
  97 0048 2246     		mov	r2, r4
  98 004a 4FF40051 		mov	r1, #8192
  99 004e 3846     		mov	r0, r7
 100 0050 FFF7FEFF 		bl	HAL_GPIO_WritePin
 101              	.LVL0:
  54:Core/Src/gpio.c ****   HAL_GPIO_WritePin(GPIOA, GPIO_PIN_0, GPIO_PIN_RESET);
 102              		.loc 1 54 3 view .LVU22
 103 0054 0F4E     		ldr	r6, .L3+8
 104 0056 2246     		mov	r2, r4
 105 0058 0121     		movs	r1, #1
 106 005a 3046     		mov	r0, r6
 107 005c FFF7FEFF 		bl	HAL_GPIO_WritePin
 108              	.LVL1:
  55:Core/Src/gpio.c ****   /*Configure GPIO pin : PC13 */
  56:Core/Src/gpio.c ****   GPIO_InitStruct.Pin = GPIO_PIN_13;
 109              		.loc 1 56 3 view .LVU23
 110              		.loc 1 56 23 is_stmt 0 view .LVU24
 111 0060 4FF40053 		mov	r3, #8192
 112 0064 0493     		str	r3, [sp, #16]
  57:Core/Src/gpio.c ****   GPIO_InitStruct.Mode = GPIO_MODE_OUTPUT_PP;
 113              		.loc 1 57 3 is_stmt 1 view .LVU25
 114              		.loc 1 57 24 is_stmt 0 view .LVU26
 115 0066 0125     		movs	r5, #1
ARM GAS  C:\Users\ADMINI~1\AppData\Local\Temp\ccmNgVsf.s 			page 4


 116 0068 0595     		str	r5, [sp, #20]
  58:Core/Src/gpio.c ****   GPIO_InitStruct.Pull = GPIO_PULLUP;
 117              		.loc 1 58 3 is_stmt 1 view .LVU27
 118              		.loc 1 58 24 is_stmt 0 view .LVU28
 119 006a 0695     		str	r5, [sp, #24]
  59:Core/Src/gpio.c ****   GPIO_InitStruct.Speed = GPIO_SPEED_FREQ_MEDIUM;
 120              		.loc 1 59 3 is_stmt 1 view .LVU29
 121              		.loc 1 59 25 is_stmt 0 view .LVU30
 122 006c 0795     		str	r5, [sp, #28]
  60:Core/Src/gpio.c ****   HAL_GPIO_Init(GPIOC, &GPIO_InitStruct);
 123              		.loc 1 60 3 is_stmt 1 view .LVU31
 124 006e 04A9     		add	r1, sp, #16
 125 0070 3846     		mov	r0, r7
 126 0072 FFF7FEFF 		bl	HAL_GPIO_Init
 127              	.LVL2:
  61:Core/Src/gpio.c **** 
  62:Core/Src/gpio.c ****   GPIO_InitStruct.Pin = GPIO_PIN_0;
 128              		.loc 1 62 3 view .LVU32
 129              		.loc 1 62 23 is_stmt 0 view .LVU33
 130 0076 0495     		str	r5, [sp, #16]
  63:Core/Src/gpio.c ****   GPIO_InitStruct.Mode = GPIO_MODE_INPUT;
 131              		.loc 1 63 3 is_stmt 1 view .LVU34
 132              		.loc 1 63 24 is_stmt 0 view .LVU35
 133 0078 0594     		str	r4, [sp, #20]
  64:Core/Src/gpio.c ****   GPIO_InitStruct.Pull = GPIO_PULLDOWN;
 134              		.loc 1 64 3 is_stmt 1 view .LVU36
 135              		.loc 1 64 24 is_stmt 0 view .LVU37
 136 007a 0223     		movs	r3, #2
 137 007c 0693     		str	r3, [sp, #24]
  65:Core/Src/gpio.c ****   GPIO_InitStruct.Speed = GPIO_SPEED_FREQ_MEDIUM;
 138              		.loc 1 65 3 is_stmt 1 view .LVU38
 139              		.loc 1 65 25 is_stmt 0 view .LVU39
 140 007e 0795     		str	r5, [sp, #28]
  66:Core/Src/gpio.c ****   HAL_GPIO_Init(GPIOA, &GPIO_InitStruct);
 141              		.loc 1 66 3 is_stmt 1 view .LVU40
 142 0080 04A9     		add	r1, sp, #16
 143 0082 3046     		mov	r0, r6
 144 0084 FFF7FEFF 		bl	HAL_GPIO_Init
 145              	.LVL3:
  67:Core/Src/gpio.c **** }
 146              		.loc 1 67 1 is_stmt 0 view .LVU41
 147 0088 09B0     		add	sp, sp, #36
 148              	.LCFI2:
 149              		.cfi_def_cfa_offset 20
 150              		@ sp needed
 151 008a F0BD     		pop	{r4, r5, r6, r7, pc}
 152              	.L4:
 153              		.align	2
 154              	.L3:
 155 008c 00100240 		.word	1073876992
 156 0090 00100140 		.word	1073811456
 157 0094 00080140 		.word	1073809408
 158              		.cfi_endproc
 159              	.LFE65:
 161              		.text
 162              	.Letext0:
 163              		.file 2 "c:\\program files (x86)\\gnu tools arm embedded\\9 2019-q4-major\\arm-none-eabi\\include\
ARM GAS  C:\Users\ADMINI~1\AppData\Local\Temp\ccmNgVsf.s 			page 5


 164              		.file 3 "c:\\program files (x86)\\gnu tools arm embedded\\9 2019-q4-major\\arm-none-eabi\\include\
 165              		.file 4 "Drivers/CMSIS/Include/core_cm3.h"
 166              		.file 5 "Drivers/CMSIS/Device/ST/STM32F1xx/Include/system_stm32f1xx.h"
 167              		.file 6 "Drivers/CMSIS/Device/ST/STM32F1xx/Include/stm32f103xb.h"
 168              		.file 7 "Drivers/STM32F1xx_HAL_Driver/Inc/stm32f1xx_hal_gpio.h"
 169              		.file 8 "Drivers/STM32F1xx_HAL_Driver/Inc/stm32f1xx_hal.h"
ARM GAS  C:\Users\ADMINI~1\AppData\Local\Temp\ccmNgVsf.s 			page 6


DEFINED SYMBOLS
                            *ABS*:00000000 gpio.c
C:\Users\ADMINI~1\AppData\Local\Temp\ccmNgVsf.s:16     .text.MX_GPIO_Init:00000000 $t
C:\Users\ADMINI~1\AppData\Local\Temp\ccmNgVsf.s:24     .text.MX_GPIO_Init:00000000 MX_GPIO_Init
C:\Users\ADMINI~1\AppData\Local\Temp\ccmNgVsf.s:155    .text.MX_GPIO_Init:0000008c $d

UNDEFINED SYMBOLS
HAL_GPIO_WritePin
HAL_GPIO_Init
