ARM GAS  C:\Users\ADMINI~1\AppData\Local\Temp\ccs89hO0.s 			page 1


   1              		.cpu cortex-m3
   2              		.eabi_attribute 20, 1
   3              		.eabi_attribute 21, 1
   4              		.eabi_attribute 23, 3
   5              		.eabi_attribute 24, 1
   6              		.eabi_attribute 25, 1
   7              		.eabi_attribute 26, 1
   8              		.eabi_attribute 30, 1
   9              		.eabi_attribute 34, 1
  10              		.eabi_attribute 18, 4
  11              		.file	"main.c"
  12              		.text
  13              	.Ltext0:
  14              		.cfi_sections	.debug_frame
  15              		.section	.rodata.pressDownCallback.str1.4,"aMS",%progbits,1
  16              		.align	2
  17              	.LC0:
  18 0000 62757474 		.ascii	"button press down. \015\000"
  18      6F6E2070 
  18      72657373 
  18      20646F77 
  18      6E2E200D 
  19              		.section	.text.pressDownCallback,"ax",%progbits
  20              		.align	1
  21              		.global	pressDownCallback
  22              		.arch armv7-m
  23              		.syntax unified
  24              		.thumb
  25              		.thumb_func
  26              		.fpu softvfp
  28              	pressDownCallback:
  29              	.LVL0:
  30              	.LFB68:
  31              		.file 1 "Core/Src/main.c"
   1:Core/Src/main.c **** /* USER CODE BEGIN Header */
   2:Core/Src/main.c **** /**
   3:Core/Src/main.c ****  ******************************************************************************
   4:Core/Src/main.c ****  * @file           : main.c
   5:Core/Src/main.c ****  * @brief          : Main program body
   6:Core/Src/main.c ****  ******************************************************************************
   7:Core/Src/main.c ****  * @attention
   8:Core/Src/main.c ****  *
   9:Core/Src/main.c ****  * Copyright (c) 2022 STMicroelectronics.
  10:Core/Src/main.c ****  * All rights reserved.
  11:Core/Src/main.c ****  *
  12:Core/Src/main.c ****  * This software is licensed under terms that can be found in the LICENSE file
  13:Core/Src/main.c ****  * in the root directory of this software component.
  14:Core/Src/main.c ****  * If no LICENSE file comes with this software, it is provided AS-IS.
  15:Core/Src/main.c ****  *
  16:Core/Src/main.c ****  ******************************************************************************
  17:Core/Src/main.c ****  */
  18:Core/Src/main.c **** /* USER CODE END Header */
  19:Core/Src/main.c **** /* Includes ------------------------------------------------------------------*/
  20:Core/Src/main.c **** #include "main.h"
  21:Core/Src/main.c **** #include "usart.h"
  22:Core/Src/main.c **** #include "gpio.h"
  23:Core/Src/main.c **** #include "MultiButton.h"
ARM GAS  C:\Users\ADMINI~1\AppData\Local\Temp\ccs89hO0.s 			page 2


  24:Core/Src/main.c **** 
  25:Core/Src/main.c **** /* Private includes ----------------------------------------------------------*/
  26:Core/Src/main.c **** /* USER CODE BEGIN Includes */
  27:Core/Src/main.c **** 
  28:Core/Src/main.c **** /* USER CODE END Includes */
  29:Core/Src/main.c **** 
  30:Core/Src/main.c **** /* Private typedef -----------------------------------------------------------*/
  31:Core/Src/main.c **** /* USER CODE BEGIN PTD */
  32:Core/Src/main.c **** 
  33:Core/Src/main.c **** /* USER CODE END PTD */
  34:Core/Src/main.c **** 
  35:Core/Src/main.c **** /* Private define ------------------------------------------------------------*/
  36:Core/Src/main.c **** /* USER CODE BEGIN PD */
  37:Core/Src/main.c **** /* USER CODE END PD */
  38:Core/Src/main.c **** 
  39:Core/Src/main.c **** /* Private macro -------------------------------------------------------------*/
  40:Core/Src/main.c **** /* USER CODE BEGIN PM */
  41:Core/Src/main.c **** 
  42:Core/Src/main.c **** /* USER CODE END PM */
  43:Core/Src/main.c **** 
  44:Core/Src/main.c **** /* Private variables ---------------------------------------------------------*/
  45:Core/Src/main.c **** 
  46:Core/Src/main.c **** /* USER CODE BEGIN PV */
  47:Core/Src/main.c **** struct Button button1;
  48:Core/Src/main.c **** /* USER CODE END PV */
  49:Core/Src/main.c **** 
  50:Core/Src/main.c **** /* Private function prototypes -----------------------------------------------*/
  51:Core/Src/main.c **** void SystemClock_Config(void);
  52:Core/Src/main.c **** /* USER CODE BEGIN PFP */
  53:Core/Src/main.c **** 
  54:Core/Src/main.c **** /* USER CODE END PFP */
  55:Core/Src/main.c **** 
  56:Core/Src/main.c **** /* Private user code ---------------------------------------------------------*/
  57:Core/Src/main.c **** /* USER CODE BEGIN 0 */
  58:Core/Src/main.c **** void pressDownCallback(void *p)
  59:Core/Src/main.c **** {
  32              		.loc 1 59 1 view -0
  33              		.cfi_startproc
  34              		@ args = 0, pretend = 0, frame = 0
  35              		@ frame_needed = 0, uses_anonymous_args = 0
  36              		.loc 1 59 1 is_stmt 0 view .LVU1
  37 0000 08B5     		push	{r3, lr}
  38              	.LCFI0:
  39              		.cfi_def_cfa_offset 8
  40              		.cfi_offset 3, -8
  41              		.cfi_offset 14, -4
  60:Core/Src/main.c ****   HAL_GPIO_TogglePin(GPIOC, GPIO_PIN_13);
  42              		.loc 1 60 3 is_stmt 1 view .LVU2
  43 0002 4FF40051 		mov	r1, #8192
  44 0006 0348     		ldr	r0, .L3
  45              	.LVL1:
  46              		.loc 1 60 3 is_stmt 0 view .LVU3
  47 0008 FFF7FEFF 		bl	HAL_GPIO_TogglePin
  48              	.LVL2:
  61:Core/Src/main.c ****   printf("button press down. \r\n");
  49              		.loc 1 61 3 is_stmt 1 view .LVU4
  50 000c 0248     		ldr	r0, .L3+4
ARM GAS  C:\Users\ADMINI~1\AppData\Local\Temp\ccs89hO0.s 			page 3


  51 000e FFF7FEFF 		bl	puts
  52              	.LVL3:
  62:Core/Src/main.c **** }
  53              		.loc 1 62 1 is_stmt 0 view .LVU5
  54 0012 08BD     		pop	{r3, pc}
  55              	.L4:
  56              		.align	2
  57              	.L3:
  58 0014 00100140 		.word	1073811456
  59 0018 00000000 		.word	.LC0
  60              		.cfi_endproc
  61              	.LFE68:
  63              		.section	.text.readPinLevel,"ax",%progbits
  64              		.align	1
  65              		.global	readPinLevel
  66              		.syntax unified
  67              		.thumb
  68              		.thumb_func
  69              		.fpu softvfp
  71              	readPinLevel:
  72              	.LFB69:
  63:Core/Src/main.c **** 
  64:Core/Src/main.c **** uint8_t readPinLevel()
  65:Core/Src/main.c **** {
  73              		.loc 1 65 1 is_stmt 1 view -0
  74              		.cfi_startproc
  75              		@ args = 0, pretend = 0, frame = 0
  76              		@ frame_needed = 0, uses_anonymous_args = 0
  77 0000 08B5     		push	{r3, lr}
  78              	.LCFI1:
  79              		.cfi_def_cfa_offset 8
  80              		.cfi_offset 3, -8
  81              		.cfi_offset 14, -4
  66:Core/Src/main.c ****   return HAL_GPIO_ReadPin(GPIOA, GPIO_PIN_0);
  82              		.loc 1 66 3 view .LVU7
  83              		.loc 1 66 10 is_stmt 0 view .LVU8
  84 0002 0121     		movs	r1, #1
  85 0004 0148     		ldr	r0, .L7
  86 0006 FFF7FEFF 		bl	HAL_GPIO_ReadPin
  87              	.LVL4:
  67:Core/Src/main.c **** }
  88              		.loc 1 67 1 view .LVU9
  89 000a 08BD     		pop	{r3, pc}
  90              	.L8:
  91              		.align	2
  92              	.L7:
  93 000c 00080140 		.word	1073809408
  94              		.cfi_endproc
  95              	.LFE69:
  97              		.section	.text.Error_Handler,"ax",%progbits
  98              		.align	1
  99              		.global	Error_Handler
 100              		.syntax unified
 101              		.thumb
 102              		.thumb_func
 103              		.fpu softvfp
 105              	Error_Handler:
ARM GAS  C:\Users\ADMINI~1\AppData\Local\Temp\ccs89hO0.s 			page 4


 106              	.LFB72:
  68:Core/Src/main.c **** /* USER CODE END 0 */
  69:Core/Src/main.c **** 
  70:Core/Src/main.c **** /**
  71:Core/Src/main.c ****  * @brief  The application entry point.
  72:Core/Src/main.c ****  * @retval int
  73:Core/Src/main.c ****  */
  74:Core/Src/main.c **** int main(void)
  75:Core/Src/main.c **** {
  76:Core/Src/main.c ****   /* USER CODE BEGIN 1 */
  77:Core/Src/main.c **** 
  78:Core/Src/main.c ****   /* USER CODE END 1 */
  79:Core/Src/main.c **** 
  80:Core/Src/main.c ****   /* MCU Configuration--------------------------------------------------------*/
  81:Core/Src/main.c **** 
  82:Core/Src/main.c ****   /* Reset of all peripherals, Initializes the Flash interface and the Systick. */
  83:Core/Src/main.c ****   HAL_Init();
  84:Core/Src/main.c **** 
  85:Core/Src/main.c ****   /* USER CODE BEGIN Init */
  86:Core/Src/main.c **** 
  87:Core/Src/main.c ****   /* USER CODE END Init */
  88:Core/Src/main.c **** 
  89:Core/Src/main.c ****   /* Configure the system clock */
  90:Core/Src/main.c ****   SystemClock_Config();
  91:Core/Src/main.c **** 
  92:Core/Src/main.c ****   /* USER CODE BEGIN SysInit */
  93:Core/Src/main.c **** 
  94:Core/Src/main.c ****   /* USER CODE END SysInit */
  95:Core/Src/main.c **** 
  96:Core/Src/main.c ****   /* Initialize all configured peripherals */
  97:Core/Src/main.c ****   MX_GPIO_Init();
  98:Core/Src/main.c ****   MX_USART1_UART_Init();
  99:Core/Src/main.c ****   /* USER CODE BEGIN 2 */
 100:Core/Src/main.c ****   button_init(&button1, readPinLevel, 1);
 101:Core/Src/main.c ****   button_attach(&button1, PRESS_DOWN, pressDownCallback);
 102:Core/Src/main.c ****   button_start(&button1);
 103:Core/Src/main.c ****   /* USER CODE END 2 */
 104:Core/Src/main.c **** 
 105:Core/Src/main.c ****   /* Infinite loop */
 106:Core/Src/main.c ****   /* USER CODE BEGIN WHILE */
 107:Core/Src/main.c ****   while (1)
 108:Core/Src/main.c ****   {
 109:Core/Src/main.c ****     /* USER CODE END WHILE */
 110:Core/Src/main.c ****     HAL_Delay(5);
 111:Core/Src/main.c ****     button_ticks();
 112:Core/Src/main.c ****     /* USER CODE BEGIN 3 */
 113:Core/Src/main.c ****   }
 114:Core/Src/main.c ****   /* USER CODE END 3 */
 115:Core/Src/main.c **** }
 116:Core/Src/main.c **** 
 117:Core/Src/main.c **** /**
 118:Core/Src/main.c ****  * @brief System Clock Configuration
 119:Core/Src/main.c ****  * @retval None
 120:Core/Src/main.c ****  */
 121:Core/Src/main.c **** void SystemClock_Config(void)
 122:Core/Src/main.c **** {
 123:Core/Src/main.c ****   RCC_OscInitTypeDef RCC_OscInitStruct = {0};
ARM GAS  C:\Users\ADMINI~1\AppData\Local\Temp\ccs89hO0.s 			page 5


 124:Core/Src/main.c ****   RCC_ClkInitTypeDef RCC_ClkInitStruct = {0};
 125:Core/Src/main.c **** 
 126:Core/Src/main.c ****   /** Initializes the RCC Oscillators according to the specified parameters
 127:Core/Src/main.c ****    * in the RCC_OscInitTypeDef structure.
 128:Core/Src/main.c ****    */
 129:Core/Src/main.c ****   RCC_OscInitStruct.OscillatorType = RCC_OSCILLATORTYPE_HSE;
 130:Core/Src/main.c ****   RCC_OscInitStruct.HSEState = RCC_HSE_ON;
 131:Core/Src/main.c ****   RCC_OscInitStruct.HSEPredivValue = RCC_HSE_PREDIV_DIV1;
 132:Core/Src/main.c ****   RCC_OscInitStruct.HSIState = RCC_HSI_ON;
 133:Core/Src/main.c ****   RCC_OscInitStruct.PLL.PLLState = RCC_PLL_ON;
 134:Core/Src/main.c ****   RCC_OscInitStruct.PLL.PLLSource = RCC_PLLSOURCE_HSE;
 135:Core/Src/main.c ****   RCC_OscInitStruct.PLL.PLLMUL = RCC_PLL_MUL9;
 136:Core/Src/main.c ****   if (HAL_RCC_OscConfig(&RCC_OscInitStruct) != HAL_OK)
 137:Core/Src/main.c ****   {
 138:Core/Src/main.c ****     Error_Handler();
 139:Core/Src/main.c ****   }
 140:Core/Src/main.c ****   /** Initializes the CPU, AHB and APB buses clocks
 141:Core/Src/main.c ****    */
 142:Core/Src/main.c ****   RCC_ClkInitStruct.ClockType = RCC_CLOCKTYPE_HCLK | RCC_CLOCKTYPE_SYSCLK | RCC_CLOCKTYPE_PCLK1 | R
 143:Core/Src/main.c ****   RCC_ClkInitStruct.SYSCLKSource = RCC_SYSCLKSOURCE_PLLCLK;
 144:Core/Src/main.c ****   RCC_ClkInitStruct.AHBCLKDivider = RCC_SYSCLK_DIV1;
 145:Core/Src/main.c ****   RCC_ClkInitStruct.APB1CLKDivider = RCC_HCLK_DIV2;
 146:Core/Src/main.c ****   RCC_ClkInitStruct.APB2CLKDivider = RCC_HCLK_DIV1;
 147:Core/Src/main.c **** 
 148:Core/Src/main.c ****   if (HAL_RCC_ClockConfig(&RCC_ClkInitStruct, FLASH_LATENCY_2) != HAL_OK)
 149:Core/Src/main.c ****   {
 150:Core/Src/main.c ****     Error_Handler();
 151:Core/Src/main.c ****   }
 152:Core/Src/main.c **** }
 153:Core/Src/main.c **** 
 154:Core/Src/main.c **** /* USER CODE BEGIN 4 */
 155:Core/Src/main.c **** 
 156:Core/Src/main.c **** /* USER CODE END 4 */
 157:Core/Src/main.c **** 
 158:Core/Src/main.c **** /**
 159:Core/Src/main.c ****  * @brief  This function is executed in case of error occurrence.
 160:Core/Src/main.c ****  * @retval None
 161:Core/Src/main.c ****  */
 162:Core/Src/main.c **** void Error_Handler(void)
 163:Core/Src/main.c **** {
 107              		.loc 1 163 1 is_stmt 1 view -0
 108              		.cfi_startproc
 109              		@ Volatile: function does not return.
 110              		@ args = 0, pretend = 0, frame = 0
 111              		@ frame_needed = 0, uses_anonymous_args = 0
 112              		@ link register save eliminated.
 164:Core/Src/main.c ****   /* USER CODE BEGIN Error_Handler_Debug */
 165:Core/Src/main.c ****   /* User can add his own implementation to report the HAL error return state */
 166:Core/Src/main.c ****   __disable_irq();
 113              		.loc 1 166 3 view .LVU11
 114              	.LBB4:
 115              	.LBI4:
 116              		.file 2 "Drivers/CMSIS/Include/cmsis_gcc.h"
   1:Drivers/CMSIS/Include/cmsis_gcc.h **** /**************************************************************************//**
   2:Drivers/CMSIS/Include/cmsis_gcc.h ****  * @file     cmsis_gcc.h
   3:Drivers/CMSIS/Include/cmsis_gcc.h ****  * @brief    CMSIS compiler GCC header file
   4:Drivers/CMSIS/Include/cmsis_gcc.h ****  * @version  V5.0.4
ARM GAS  C:\Users\ADMINI~1\AppData\Local\Temp\ccs89hO0.s 			page 6


   5:Drivers/CMSIS/Include/cmsis_gcc.h ****  * @date     09. April 2018
   6:Drivers/CMSIS/Include/cmsis_gcc.h ****  ******************************************************************************/
   7:Drivers/CMSIS/Include/cmsis_gcc.h **** /*
   8:Drivers/CMSIS/Include/cmsis_gcc.h ****  * Copyright (c) 2009-2018 Arm Limited. All rights reserved.
   9:Drivers/CMSIS/Include/cmsis_gcc.h ****  *
  10:Drivers/CMSIS/Include/cmsis_gcc.h ****  * SPDX-License-Identifier: Apache-2.0
  11:Drivers/CMSIS/Include/cmsis_gcc.h ****  *
  12:Drivers/CMSIS/Include/cmsis_gcc.h ****  * Licensed under the Apache License, Version 2.0 (the License); you may
  13:Drivers/CMSIS/Include/cmsis_gcc.h ****  * not use this file except in compliance with the License.
  14:Drivers/CMSIS/Include/cmsis_gcc.h ****  * You may obtain a copy of the License at
  15:Drivers/CMSIS/Include/cmsis_gcc.h ****  *
  16:Drivers/CMSIS/Include/cmsis_gcc.h ****  * www.apache.org/licenses/LICENSE-2.0
  17:Drivers/CMSIS/Include/cmsis_gcc.h ****  *
  18:Drivers/CMSIS/Include/cmsis_gcc.h ****  * Unless required by applicable law or agreed to in writing, software
  19:Drivers/CMSIS/Include/cmsis_gcc.h ****  * distributed under the License is distributed on an AS IS BASIS, WITHOUT
  20:Drivers/CMSIS/Include/cmsis_gcc.h ****  * WARRANTIES OR CONDITIONS OF ANY KIND, either express or implied.
  21:Drivers/CMSIS/Include/cmsis_gcc.h ****  * See the License for the specific language governing permissions and
  22:Drivers/CMSIS/Include/cmsis_gcc.h ****  * limitations under the License.
  23:Drivers/CMSIS/Include/cmsis_gcc.h ****  */
  24:Drivers/CMSIS/Include/cmsis_gcc.h **** 
  25:Drivers/CMSIS/Include/cmsis_gcc.h **** #ifndef __CMSIS_GCC_H
  26:Drivers/CMSIS/Include/cmsis_gcc.h **** #define __CMSIS_GCC_H
  27:Drivers/CMSIS/Include/cmsis_gcc.h **** 
  28:Drivers/CMSIS/Include/cmsis_gcc.h **** /* ignore some GCC warnings */
  29:Drivers/CMSIS/Include/cmsis_gcc.h **** #pragma GCC diagnostic push
  30:Drivers/CMSIS/Include/cmsis_gcc.h **** #pragma GCC diagnostic ignored "-Wsign-conversion"
  31:Drivers/CMSIS/Include/cmsis_gcc.h **** #pragma GCC diagnostic ignored "-Wconversion"
  32:Drivers/CMSIS/Include/cmsis_gcc.h **** #pragma GCC diagnostic ignored "-Wunused-parameter"
  33:Drivers/CMSIS/Include/cmsis_gcc.h **** 
  34:Drivers/CMSIS/Include/cmsis_gcc.h **** /* Fallback for __has_builtin */
  35:Drivers/CMSIS/Include/cmsis_gcc.h **** #ifndef __has_builtin
  36:Drivers/CMSIS/Include/cmsis_gcc.h ****   #define __has_builtin(x) (0)
  37:Drivers/CMSIS/Include/cmsis_gcc.h **** #endif
  38:Drivers/CMSIS/Include/cmsis_gcc.h **** 
  39:Drivers/CMSIS/Include/cmsis_gcc.h **** /* CMSIS compiler specific defines */
  40:Drivers/CMSIS/Include/cmsis_gcc.h **** #ifndef   __ASM
  41:Drivers/CMSIS/Include/cmsis_gcc.h ****   #define __ASM                                  __asm
  42:Drivers/CMSIS/Include/cmsis_gcc.h **** #endif
  43:Drivers/CMSIS/Include/cmsis_gcc.h **** #ifndef   __INLINE
  44:Drivers/CMSIS/Include/cmsis_gcc.h ****   #define __INLINE                               inline
  45:Drivers/CMSIS/Include/cmsis_gcc.h **** #endif
  46:Drivers/CMSIS/Include/cmsis_gcc.h **** #ifndef   __STATIC_INLINE
  47:Drivers/CMSIS/Include/cmsis_gcc.h ****   #define __STATIC_INLINE                        static inline
  48:Drivers/CMSIS/Include/cmsis_gcc.h **** #endif
  49:Drivers/CMSIS/Include/cmsis_gcc.h **** #ifndef   __STATIC_FORCEINLINE                 
  50:Drivers/CMSIS/Include/cmsis_gcc.h ****   #define __STATIC_FORCEINLINE                   __attribute__((always_inline)) static inline
  51:Drivers/CMSIS/Include/cmsis_gcc.h **** #endif                                           
  52:Drivers/CMSIS/Include/cmsis_gcc.h **** #ifndef   __NO_RETURN
  53:Drivers/CMSIS/Include/cmsis_gcc.h ****   #define __NO_RETURN                            __attribute__((__noreturn__))
  54:Drivers/CMSIS/Include/cmsis_gcc.h **** #endif
  55:Drivers/CMSIS/Include/cmsis_gcc.h **** #ifndef   __USED
  56:Drivers/CMSIS/Include/cmsis_gcc.h ****   #define __USED                                 __attribute__((used))
  57:Drivers/CMSIS/Include/cmsis_gcc.h **** #endif
  58:Drivers/CMSIS/Include/cmsis_gcc.h **** #ifndef   __WEAK
  59:Drivers/CMSIS/Include/cmsis_gcc.h ****   #define __WEAK                                 __attribute__((weak))
  60:Drivers/CMSIS/Include/cmsis_gcc.h **** #endif
  61:Drivers/CMSIS/Include/cmsis_gcc.h **** #ifndef   __PACKED
ARM GAS  C:\Users\ADMINI~1\AppData\Local\Temp\ccs89hO0.s 			page 7


  62:Drivers/CMSIS/Include/cmsis_gcc.h ****   #define __PACKED                               __attribute__((packed, aligned(1)))
  63:Drivers/CMSIS/Include/cmsis_gcc.h **** #endif
  64:Drivers/CMSIS/Include/cmsis_gcc.h **** #ifndef   __PACKED_STRUCT
  65:Drivers/CMSIS/Include/cmsis_gcc.h ****   #define __PACKED_STRUCT                        struct __attribute__((packed, aligned(1)))
  66:Drivers/CMSIS/Include/cmsis_gcc.h **** #endif
  67:Drivers/CMSIS/Include/cmsis_gcc.h **** #ifndef   __PACKED_UNION
  68:Drivers/CMSIS/Include/cmsis_gcc.h ****   #define __PACKED_UNION                         union __attribute__((packed, aligned(1)))
  69:Drivers/CMSIS/Include/cmsis_gcc.h **** #endif
  70:Drivers/CMSIS/Include/cmsis_gcc.h **** #ifndef   __UNALIGNED_UINT32        /* deprecated */
  71:Drivers/CMSIS/Include/cmsis_gcc.h ****   #pragma GCC diagnostic push
  72:Drivers/CMSIS/Include/cmsis_gcc.h ****   #pragma GCC diagnostic ignored "-Wpacked"
  73:Drivers/CMSIS/Include/cmsis_gcc.h ****   #pragma GCC diagnostic ignored "-Wattributes"
  74:Drivers/CMSIS/Include/cmsis_gcc.h ****   struct __attribute__((packed)) T_UINT32 { uint32_t v; };
  75:Drivers/CMSIS/Include/cmsis_gcc.h ****   #pragma GCC diagnostic pop
  76:Drivers/CMSIS/Include/cmsis_gcc.h ****   #define __UNALIGNED_UINT32(x)                  (((struct T_UINT32 *)(x))->v)
  77:Drivers/CMSIS/Include/cmsis_gcc.h **** #endif
  78:Drivers/CMSIS/Include/cmsis_gcc.h **** #ifndef   __UNALIGNED_UINT16_WRITE
  79:Drivers/CMSIS/Include/cmsis_gcc.h ****   #pragma GCC diagnostic push
  80:Drivers/CMSIS/Include/cmsis_gcc.h ****   #pragma GCC diagnostic ignored "-Wpacked"
  81:Drivers/CMSIS/Include/cmsis_gcc.h ****   #pragma GCC diagnostic ignored "-Wattributes"
  82:Drivers/CMSIS/Include/cmsis_gcc.h ****   __PACKED_STRUCT T_UINT16_WRITE { uint16_t v; };
  83:Drivers/CMSIS/Include/cmsis_gcc.h ****   #pragma GCC diagnostic pop
  84:Drivers/CMSIS/Include/cmsis_gcc.h ****   #define __UNALIGNED_UINT16_WRITE(addr, val)    (void)((((struct T_UINT16_WRITE *)(void *)(addr))-
  85:Drivers/CMSIS/Include/cmsis_gcc.h **** #endif
  86:Drivers/CMSIS/Include/cmsis_gcc.h **** #ifndef   __UNALIGNED_UINT16_READ
  87:Drivers/CMSIS/Include/cmsis_gcc.h ****   #pragma GCC diagnostic push
  88:Drivers/CMSIS/Include/cmsis_gcc.h ****   #pragma GCC diagnostic ignored "-Wpacked"
  89:Drivers/CMSIS/Include/cmsis_gcc.h ****   #pragma GCC diagnostic ignored "-Wattributes"
  90:Drivers/CMSIS/Include/cmsis_gcc.h ****   __PACKED_STRUCT T_UINT16_READ { uint16_t v; };
  91:Drivers/CMSIS/Include/cmsis_gcc.h ****   #pragma GCC diagnostic pop
  92:Drivers/CMSIS/Include/cmsis_gcc.h ****   #define __UNALIGNED_UINT16_READ(addr)          (((const struct T_UINT16_READ *)(const void *)(add
  93:Drivers/CMSIS/Include/cmsis_gcc.h **** #endif
  94:Drivers/CMSIS/Include/cmsis_gcc.h **** #ifndef   __UNALIGNED_UINT32_WRITE
  95:Drivers/CMSIS/Include/cmsis_gcc.h ****   #pragma GCC diagnostic push
  96:Drivers/CMSIS/Include/cmsis_gcc.h ****   #pragma GCC diagnostic ignored "-Wpacked"
  97:Drivers/CMSIS/Include/cmsis_gcc.h ****   #pragma GCC diagnostic ignored "-Wattributes"
  98:Drivers/CMSIS/Include/cmsis_gcc.h ****   __PACKED_STRUCT T_UINT32_WRITE { uint32_t v; };
  99:Drivers/CMSIS/Include/cmsis_gcc.h ****   #pragma GCC diagnostic pop
 100:Drivers/CMSIS/Include/cmsis_gcc.h ****   #define __UNALIGNED_UINT32_WRITE(addr, val)    (void)((((struct T_UINT32_WRITE *)(void *)(addr))-
 101:Drivers/CMSIS/Include/cmsis_gcc.h **** #endif
 102:Drivers/CMSIS/Include/cmsis_gcc.h **** #ifndef   __UNALIGNED_UINT32_READ
 103:Drivers/CMSIS/Include/cmsis_gcc.h ****   #pragma GCC diagnostic push
 104:Drivers/CMSIS/Include/cmsis_gcc.h ****   #pragma GCC diagnostic ignored "-Wpacked"
 105:Drivers/CMSIS/Include/cmsis_gcc.h ****   #pragma GCC diagnostic ignored "-Wattributes"
 106:Drivers/CMSIS/Include/cmsis_gcc.h ****   __PACKED_STRUCT T_UINT32_READ { uint32_t v; };
 107:Drivers/CMSIS/Include/cmsis_gcc.h ****   #pragma GCC diagnostic pop
 108:Drivers/CMSIS/Include/cmsis_gcc.h ****   #define __UNALIGNED_UINT32_READ(addr)          (((const struct T_UINT32_READ *)(const void *)(add
 109:Drivers/CMSIS/Include/cmsis_gcc.h **** #endif
 110:Drivers/CMSIS/Include/cmsis_gcc.h **** #ifndef   __ALIGNED
 111:Drivers/CMSIS/Include/cmsis_gcc.h ****   #define __ALIGNED(x)                           __attribute__((aligned(x)))
 112:Drivers/CMSIS/Include/cmsis_gcc.h **** #endif
 113:Drivers/CMSIS/Include/cmsis_gcc.h **** #ifndef   __RESTRICT
 114:Drivers/CMSIS/Include/cmsis_gcc.h ****   #define __RESTRICT                             __restrict
 115:Drivers/CMSIS/Include/cmsis_gcc.h **** #endif
 116:Drivers/CMSIS/Include/cmsis_gcc.h **** 
 117:Drivers/CMSIS/Include/cmsis_gcc.h **** 
 118:Drivers/CMSIS/Include/cmsis_gcc.h **** /* ###########################  Core Function Access  ########################### */
ARM GAS  C:\Users\ADMINI~1\AppData\Local\Temp\ccs89hO0.s 			page 8


 119:Drivers/CMSIS/Include/cmsis_gcc.h **** /** \ingroup  CMSIS_Core_FunctionInterface
 120:Drivers/CMSIS/Include/cmsis_gcc.h ****     \defgroup CMSIS_Core_RegAccFunctions CMSIS Core Register Access Functions
 121:Drivers/CMSIS/Include/cmsis_gcc.h ****   @{
 122:Drivers/CMSIS/Include/cmsis_gcc.h ****  */
 123:Drivers/CMSIS/Include/cmsis_gcc.h **** 
 124:Drivers/CMSIS/Include/cmsis_gcc.h **** /**
 125:Drivers/CMSIS/Include/cmsis_gcc.h ****   \brief   Enable IRQ Interrupts
 126:Drivers/CMSIS/Include/cmsis_gcc.h ****   \details Enables IRQ interrupts by clearing the I-bit in the CPSR.
 127:Drivers/CMSIS/Include/cmsis_gcc.h ****            Can only be executed in Privileged modes.
 128:Drivers/CMSIS/Include/cmsis_gcc.h ****  */
 129:Drivers/CMSIS/Include/cmsis_gcc.h **** __STATIC_FORCEINLINE void __enable_irq(void)
 130:Drivers/CMSIS/Include/cmsis_gcc.h **** {
 131:Drivers/CMSIS/Include/cmsis_gcc.h ****   __ASM volatile ("cpsie i" : : : "memory");
 132:Drivers/CMSIS/Include/cmsis_gcc.h **** }
 133:Drivers/CMSIS/Include/cmsis_gcc.h **** 
 134:Drivers/CMSIS/Include/cmsis_gcc.h **** 
 135:Drivers/CMSIS/Include/cmsis_gcc.h **** /**
 136:Drivers/CMSIS/Include/cmsis_gcc.h ****   \brief   Disable IRQ Interrupts
 137:Drivers/CMSIS/Include/cmsis_gcc.h ****   \details Disables IRQ interrupts by setting the I-bit in the CPSR.
 138:Drivers/CMSIS/Include/cmsis_gcc.h ****            Can only be executed in Privileged modes.
 139:Drivers/CMSIS/Include/cmsis_gcc.h ****  */
 140:Drivers/CMSIS/Include/cmsis_gcc.h **** __STATIC_FORCEINLINE void __disable_irq(void)
 117              		.loc 2 140 27 view .LVU12
 118              	.LBB5:
 141:Drivers/CMSIS/Include/cmsis_gcc.h **** {
 142:Drivers/CMSIS/Include/cmsis_gcc.h ****   __ASM volatile ("cpsid i" : : : "memory");
 119              		.loc 2 142 3 view .LVU13
 120              		.syntax unified
 121              	@ 142 "Drivers/CMSIS/Include/cmsis_gcc.h" 1
 122 0000 72B6     		cpsid i
 123              	@ 0 "" 2
 124              		.thumb
 125              		.syntax unified
 126              	.L10:
 127              	.LBE5:
 128              	.LBE4:
 167:Core/Src/main.c ****   while (1)
 129              		.loc 1 167 3 discriminator 1 view .LVU14
 168:Core/Src/main.c ****   {
 169:Core/Src/main.c ****   }
 130              		.loc 1 169 3 discriminator 1 view .LVU15
 167:Core/Src/main.c ****   while (1)
 131              		.loc 1 167 9 discriminator 1 view .LVU16
 132 0002 FEE7     		b	.L10
 133              		.cfi_endproc
 134              	.LFE72:
 136              		.section	.text.SystemClock_Config,"ax",%progbits
 137              		.align	1
 138              		.global	SystemClock_Config
 139              		.syntax unified
 140              		.thumb
 141              		.thumb_func
 142              		.fpu softvfp
 144              	SystemClock_Config:
 145              	.LFB71:
 122:Core/Src/main.c ****   RCC_OscInitTypeDef RCC_OscInitStruct = {0};
 146              		.loc 1 122 1 view -0
ARM GAS  C:\Users\ADMINI~1\AppData\Local\Temp\ccs89hO0.s 			page 9


 147              		.cfi_startproc
 148              		@ args = 0, pretend = 0, frame = 64
 149              		@ frame_needed = 0, uses_anonymous_args = 0
 150 0000 00B5     		push	{lr}
 151              	.LCFI2:
 152              		.cfi_def_cfa_offset 4
 153              		.cfi_offset 14, -4
 154 0002 91B0     		sub	sp, sp, #68
 155              	.LCFI3:
 156              		.cfi_def_cfa_offset 72
 123:Core/Src/main.c ****   RCC_ClkInitTypeDef RCC_ClkInitStruct = {0};
 157              		.loc 1 123 3 view .LVU18
 123:Core/Src/main.c ****   RCC_ClkInitTypeDef RCC_ClkInitStruct = {0};
 158              		.loc 1 123 22 is_stmt 0 view .LVU19
 159 0004 0023     		movs	r3, #0
 160 0006 0993     		str	r3, [sp, #36]
 161 0008 0B93     		str	r3, [sp, #44]
 162 000a 0C93     		str	r3, [sp, #48]
 124:Core/Src/main.c **** 
 163              		.loc 1 124 3 is_stmt 1 view .LVU20
 124:Core/Src/main.c **** 
 164              		.loc 1 124 22 is_stmt 0 view .LVU21
 165 000c 0193     		str	r3, [sp, #4]
 166 000e 0293     		str	r3, [sp, #8]
 167 0010 0393     		str	r3, [sp, #12]
 168 0012 0493     		str	r3, [sp, #16]
 169 0014 0593     		str	r3, [sp, #20]
 129:Core/Src/main.c ****   RCC_OscInitStruct.HSEState = RCC_HSE_ON;
 170              		.loc 1 129 3 is_stmt 1 view .LVU22
 129:Core/Src/main.c ****   RCC_OscInitStruct.HSEState = RCC_HSE_ON;
 171              		.loc 1 129 36 is_stmt 0 view .LVU23
 172 0016 0121     		movs	r1, #1
 173 0018 0691     		str	r1, [sp, #24]
 130:Core/Src/main.c ****   RCC_OscInitStruct.HSEPredivValue = RCC_HSE_PREDIV_DIV1;
 174              		.loc 1 130 3 is_stmt 1 view .LVU24
 130:Core/Src/main.c ****   RCC_OscInitStruct.HSEPredivValue = RCC_HSE_PREDIV_DIV1;
 175              		.loc 1 130 30 is_stmt 0 view .LVU25
 176 001a 4FF48032 		mov	r2, #65536
 177 001e 0792     		str	r2, [sp, #28]
 131:Core/Src/main.c ****   RCC_OscInitStruct.HSIState = RCC_HSI_ON;
 178              		.loc 1 131 3 is_stmt 1 view .LVU26
 131:Core/Src/main.c ****   RCC_OscInitStruct.HSIState = RCC_HSI_ON;
 179              		.loc 1 131 36 is_stmt 0 view .LVU27
 180 0020 0893     		str	r3, [sp, #32]
 132:Core/Src/main.c ****   RCC_OscInitStruct.PLL.PLLState = RCC_PLL_ON;
 181              		.loc 1 132 3 is_stmt 1 view .LVU28
 132:Core/Src/main.c ****   RCC_OscInitStruct.PLL.PLLState = RCC_PLL_ON;
 182              		.loc 1 132 30 is_stmt 0 view .LVU29
 183 0022 0A91     		str	r1, [sp, #40]
 133:Core/Src/main.c ****   RCC_OscInitStruct.PLL.PLLSource = RCC_PLLSOURCE_HSE;
 184              		.loc 1 133 3 is_stmt 1 view .LVU30
 133:Core/Src/main.c ****   RCC_OscInitStruct.PLL.PLLSource = RCC_PLLSOURCE_HSE;
 185              		.loc 1 133 34 is_stmt 0 view .LVU31
 186 0024 0223     		movs	r3, #2
 187 0026 0D93     		str	r3, [sp, #52]
 134:Core/Src/main.c ****   RCC_OscInitStruct.PLL.PLLMUL = RCC_PLL_MUL9;
 188              		.loc 1 134 3 is_stmt 1 view .LVU32
ARM GAS  C:\Users\ADMINI~1\AppData\Local\Temp\ccs89hO0.s 			page 10


 134:Core/Src/main.c ****   RCC_OscInitStruct.PLL.PLLMUL = RCC_PLL_MUL9;
 189              		.loc 1 134 35 is_stmt 0 view .LVU33
 190 0028 0E92     		str	r2, [sp, #56]
 135:Core/Src/main.c ****   if (HAL_RCC_OscConfig(&RCC_OscInitStruct) != HAL_OK)
 191              		.loc 1 135 3 is_stmt 1 view .LVU34
 135:Core/Src/main.c ****   if (HAL_RCC_OscConfig(&RCC_OscInitStruct) != HAL_OK)
 192              		.loc 1 135 32 is_stmt 0 view .LVU35
 193 002a 4FF4E013 		mov	r3, #1835008
 194 002e 0F93     		str	r3, [sp, #60]
 136:Core/Src/main.c ****   {
 195              		.loc 1 136 3 is_stmt 1 view .LVU36
 136:Core/Src/main.c ****   {
 196              		.loc 1 136 7 is_stmt 0 view .LVU37
 197 0030 06A8     		add	r0, sp, #24
 198 0032 FFF7FEFF 		bl	HAL_RCC_OscConfig
 199              	.LVL5:
 136:Core/Src/main.c ****   {
 200              		.loc 1 136 6 view .LVU38
 201 0036 80B9     		cbnz	r0, .L15
 142:Core/Src/main.c ****   RCC_ClkInitStruct.SYSCLKSource = RCC_SYSCLKSOURCE_PLLCLK;
 202              		.loc 1 142 3 is_stmt 1 view .LVU39
 142:Core/Src/main.c ****   RCC_ClkInitStruct.SYSCLKSource = RCC_SYSCLKSOURCE_PLLCLK;
 203              		.loc 1 142 31 is_stmt 0 view .LVU40
 204 0038 0F23     		movs	r3, #15
 205 003a 0193     		str	r3, [sp, #4]
 143:Core/Src/main.c ****   RCC_ClkInitStruct.AHBCLKDivider = RCC_SYSCLK_DIV1;
 206              		.loc 1 143 3 is_stmt 1 view .LVU41
 143:Core/Src/main.c ****   RCC_ClkInitStruct.AHBCLKDivider = RCC_SYSCLK_DIV1;
 207              		.loc 1 143 34 is_stmt 0 view .LVU42
 208 003c 0221     		movs	r1, #2
 209 003e 0291     		str	r1, [sp, #8]
 144:Core/Src/main.c ****   RCC_ClkInitStruct.APB1CLKDivider = RCC_HCLK_DIV2;
 210              		.loc 1 144 3 is_stmt 1 view .LVU43
 144:Core/Src/main.c ****   RCC_ClkInitStruct.APB1CLKDivider = RCC_HCLK_DIV2;
 211              		.loc 1 144 35 is_stmt 0 view .LVU44
 212 0040 0023     		movs	r3, #0
 213 0042 0393     		str	r3, [sp, #12]
 145:Core/Src/main.c ****   RCC_ClkInitStruct.APB2CLKDivider = RCC_HCLK_DIV1;
 214              		.loc 1 145 3 is_stmt 1 view .LVU45
 145:Core/Src/main.c ****   RCC_ClkInitStruct.APB2CLKDivider = RCC_HCLK_DIV1;
 215              		.loc 1 145 36 is_stmt 0 view .LVU46
 216 0044 4FF48062 		mov	r2, #1024
 217 0048 0492     		str	r2, [sp, #16]
 146:Core/Src/main.c **** 
 218              		.loc 1 146 3 is_stmt 1 view .LVU47
 146:Core/Src/main.c **** 
 219              		.loc 1 146 36 is_stmt 0 view .LVU48
 220 004a 0593     		str	r3, [sp, #20]
 148:Core/Src/main.c ****   {
 221              		.loc 1 148 3 is_stmt 1 view .LVU49
 148:Core/Src/main.c ****   {
 222              		.loc 1 148 7 is_stmt 0 view .LVU50
 223 004c 01A8     		add	r0, sp, #4
 224 004e FFF7FEFF 		bl	HAL_RCC_ClockConfig
 225              	.LVL6:
 148:Core/Src/main.c ****   {
 226              		.loc 1 148 6 view .LVU51
ARM GAS  C:\Users\ADMINI~1\AppData\Local\Temp\ccs89hO0.s 			page 11


 227 0052 20B9     		cbnz	r0, .L16
 152:Core/Src/main.c **** 
 228              		.loc 1 152 1 view .LVU52
 229 0054 11B0     		add	sp, sp, #68
 230              	.LCFI4:
 231              		.cfi_remember_state
 232              		.cfi_def_cfa_offset 4
 233              		@ sp needed
 234 0056 5DF804FB 		ldr	pc, [sp], #4
 235              	.L15:
 236              	.LCFI5:
 237              		.cfi_restore_state
 138:Core/Src/main.c ****   }
 238              		.loc 1 138 5 is_stmt 1 view .LVU53
 239 005a FFF7FEFF 		bl	Error_Handler
 240              	.LVL7:
 241              	.L16:
 150:Core/Src/main.c ****   }
 242              		.loc 1 150 5 view .LVU54
 243 005e FFF7FEFF 		bl	Error_Handler
 244              	.LVL8:
 245              		.cfi_endproc
 246              	.LFE71:
 248              		.section	.text.main,"ax",%progbits
 249              		.align	1
 250              		.global	main
 251              		.syntax unified
 252              		.thumb
 253              		.thumb_func
 254              		.fpu softvfp
 256              	main:
 257              	.LFB70:
  75:Core/Src/main.c ****   /* USER CODE BEGIN 1 */
 258              		.loc 1 75 1 view -0
 259              		.cfi_startproc
 260              		@ Volatile: function does not return.
 261              		@ args = 0, pretend = 0, frame = 0
 262              		@ frame_needed = 0, uses_anonymous_args = 0
 263 0000 08B5     		push	{r3, lr}
 264              	.LCFI6:
 265              		.cfi_def_cfa_offset 8
 266              		.cfi_offset 3, -8
 267              		.cfi_offset 14, -4
  83:Core/Src/main.c **** 
 268              		.loc 1 83 3 view .LVU56
 269 0002 FFF7FEFF 		bl	HAL_Init
 270              	.LVL9:
  90:Core/Src/main.c **** 
 271              		.loc 1 90 3 view .LVU57
 272 0006 FFF7FEFF 		bl	SystemClock_Config
 273              	.LVL10:
  97:Core/Src/main.c ****   MX_USART1_UART_Init();
 274              		.loc 1 97 3 view .LVU58
 275 000a FFF7FEFF 		bl	MX_GPIO_Init
 276              	.LVL11:
  98:Core/Src/main.c ****   /* USER CODE BEGIN 2 */
 277              		.loc 1 98 3 view .LVU59
ARM GAS  C:\Users\ADMINI~1\AppData\Local\Temp\ccs89hO0.s 			page 12


 278 000e FFF7FEFF 		bl	MX_USART1_UART_Init
 279              	.LVL12:
 100:Core/Src/main.c ****   button_attach(&button1, PRESS_DOWN, pressDownCallback);
 280              		.loc 1 100 3 view .LVU60
 281 0012 0A4C     		ldr	r4, .L20
 282 0014 0122     		movs	r2, #1
 283 0016 0A49     		ldr	r1, .L20+4
 284 0018 2046     		mov	r0, r4
 285 001a FFF7FEFF 		bl	button_init
 286              	.LVL13:
 101:Core/Src/main.c ****   button_start(&button1);
 287              		.loc 1 101 3 view .LVU61
 288 001e 094A     		ldr	r2, .L20+8
 289 0020 0021     		movs	r1, #0
 290 0022 2046     		mov	r0, r4
 291 0024 FFF7FEFF 		bl	button_attach
 292              	.LVL14:
 102:Core/Src/main.c ****   /* USER CODE END 2 */
 293              		.loc 1 102 3 view .LVU62
 294 0028 2046     		mov	r0, r4
 295 002a FFF7FEFF 		bl	button_start
 296              	.LVL15:
 297              	.L18:
 107:Core/Src/main.c ****   {
 298              		.loc 1 107 3 discriminator 1 view .LVU63
 110:Core/Src/main.c ****     button_ticks();
 299              		.loc 1 110 5 discriminator 1 view .LVU64
 300 002e 0520     		movs	r0, #5
 301 0030 FFF7FEFF 		bl	HAL_Delay
 302              	.LVL16:
 111:Core/Src/main.c ****     /* USER CODE BEGIN 3 */
 303              		.loc 1 111 5 discriminator 1 view .LVU65
 304 0034 FFF7FEFF 		bl	button_ticks
 305              	.LVL17:
 107:Core/Src/main.c ****   {
 306              		.loc 1 107 9 discriminator 1 view .LVU66
 307 0038 F9E7     		b	.L18
 308              	.L21:
 309 003a 00BF     		.align	2
 310              	.L20:
 311 003c 00000000 		.word	button1
 312 0040 00000000 		.word	readPinLevel
 313 0044 00000000 		.word	pressDownCallback
 314              		.cfi_endproc
 315              	.LFE70:
 317              		.comm	button1,40,4
 318              		.text
 319              	.Letext0:
 320              		.file 3 "c:\\program files (x86)\\gnu tools arm embedded\\9 2019-q4-major\\arm-none-eabi\\include\
 321              		.file 4 "c:\\program files (x86)\\gnu tools arm embedded\\9 2019-q4-major\\arm-none-eabi\\include\
 322              		.file 5 "Drivers/CMSIS/Include/core_cm3.h"
 323              		.file 6 "Drivers/CMSIS/Device/ST/STM32F1xx/Include/system_stm32f1xx.h"
 324              		.file 7 "Drivers/CMSIS/Device/ST/STM32F1xx/Include/stm32f103xb.h"
 325              		.file 8 "Drivers/STM32F1xx_HAL_Driver/Inc/stm32f1xx_hal_def.h"
 326              		.file 9 "Drivers/STM32F1xx_HAL_Driver/Inc/stm32f1xx_hal_rcc.h"
 327              		.file 10 "Drivers/STM32F1xx_HAL_Driver/Inc/stm32f1xx_hal_rcc_ex.h"
 328              		.file 11 "Drivers/STM32F1xx_HAL_Driver/Inc/stm32f1xx_hal_dma.h"
ARM GAS  C:\Users\ADMINI~1\AppData\Local\Temp\ccs89hO0.s 			page 13


 329              		.file 12 "Drivers/STM32F1xx_HAL_Driver/Inc/stm32f1xx_hal_uart.h"
 330              		.file 13 "Drivers/STM32F1xx_HAL_Driver/Inc/stm32f1xx_hal.h"
 331              		.file 14 "c:\\program files (x86)\\gnu tools arm embedded\\9 2019-q4-major\\arm-none-eabi\\include
 332              		.file 15 "c:\\program files (x86)\\gnu tools arm embedded\\9 2019-q4-major\\arm-none-eabi\\include
 333              		.file 16 "c:\\program files (x86)\\gnu tools arm embedded\\9 2019-q4-major\\lib\\gcc\\arm-none-eab
 334              		.file 17 "c:\\program files (x86)\\gnu tools arm embedded\\9 2019-q4-major\\arm-none-eabi\\include
 335              		.file 18 "Core/Inc/usart.h"
 336              		.file 19 "Core/Inc/MultiButton.h"
 337              		.file 20 "Core/Inc/gpio.h"
 338              		.file 21 "Drivers/STM32F1xx_HAL_Driver/Inc/stm32f1xx_hal_gpio.h"
 339              		.file 22 "<built-in>"
ARM GAS  C:\Users\ADMINI~1\AppData\Local\Temp\ccs89hO0.s 			page 14


DEFINED SYMBOLS
                            *ABS*:00000000 main.c
C:\Users\ADMINI~1\AppData\Local\Temp\ccs89hO0.s:16     .rodata.pressDownCallback.str1.4:00000000 $d
C:\Users\ADMINI~1\AppData\Local\Temp\ccs89hO0.s:20     .text.pressDownCallback:00000000 $t
C:\Users\ADMINI~1\AppData\Local\Temp\ccs89hO0.s:28     .text.pressDownCallback:00000000 pressDownCallback
C:\Users\ADMINI~1\AppData\Local\Temp\ccs89hO0.s:58     .text.pressDownCallback:00000014 $d
C:\Users\ADMINI~1\AppData\Local\Temp\ccs89hO0.s:64     .text.readPinLevel:00000000 $t
C:\Users\ADMINI~1\AppData\Local\Temp\ccs89hO0.s:71     .text.readPinLevel:00000000 readPinLevel
C:\Users\ADMINI~1\AppData\Local\Temp\ccs89hO0.s:93     .text.readPinLevel:0000000c $d
C:\Users\ADMINI~1\AppData\Local\Temp\ccs89hO0.s:98     .text.Error_Handler:00000000 $t
C:\Users\ADMINI~1\AppData\Local\Temp\ccs89hO0.s:105    .text.Error_Handler:00000000 Error_Handler
C:\Users\ADMINI~1\AppData\Local\Temp\ccs89hO0.s:137    .text.SystemClock_Config:00000000 $t
C:\Users\ADMINI~1\AppData\Local\Temp\ccs89hO0.s:144    .text.SystemClock_Config:00000000 SystemClock_Config
C:\Users\ADMINI~1\AppData\Local\Temp\ccs89hO0.s:249    .text.main:00000000 $t
C:\Users\ADMINI~1\AppData\Local\Temp\ccs89hO0.s:256    .text.main:00000000 main
C:\Users\ADMINI~1\AppData\Local\Temp\ccs89hO0.s:311    .text.main:0000003c $d
                            *COM*:00000028 button1

UNDEFINED SYMBOLS
HAL_GPIO_TogglePin
puts
HAL_GPIO_ReadPin
HAL_RCC_OscConfig
HAL_RCC_ClockConfig
HAL_Init
MX_GPIO_Init
MX_USART1_UART_Init
button_init
button_attach
button_start
HAL_Delay
button_ticks
